<?xml version="1.0" encoding="UTF-8"?>
<testng-results ignored="0" total="1" passed="1" failed="0" skipped="0">
  <reporter-output>
  </reporter-output>
  <suite started-at="2025-11-14T18:26:05 IST" name="Default suite" finished-at="2025-11-14T18:26:10 IST" duration-ms="5059">
    <groups>
    </groups>
    <test started-at="2025-11-14T18:26:05 IST" name="Default test" finished-at="2025-11-14T18:26:10 IST" duration-ms="5059">
      <class name="Jira_API">
        <test-method signature="CreateBug()[pri:0, instance:Jira_API@4659191b]" started-at="2025-11-14T18:26:05 IST" name="CreateBug" finished-at="2025-11-14T18:26:10 IST" duration-ms="5008" status="PASS">
          <reporter-output>
          </reporter-output>
        </test-method> <!-- CreateBug -->
      </class> <!-- Jira_API -->
    </test> <!-- Default test -->
  </suite> <!-- Default suite -->
</testng-results>
